h:\year 2 semester 1\in6 c++\assignment 2 - aidan smith\nexusassignment\nexusassignment\debug\nexusassignment.pch
h:\year 2 semester 1\in6 c++\assignment 2 - aidan smith\nexusassignment\nexusassignment\debug\vc120.pdb
h:\year 2 semester 1\in6 c++\assignment 2 - aidan smith\nexusassignment\nexusassignment\debug\stdafx.obj
h:\year 2 semester 1\in6 c++\assignment 2 - aidan smith\nexusassignment\nexusassignment\debug\texas.obj
h:\year 2 semester 1\in6 c++\assignment 2 - aidan smith\nexusassignment\nexusassignment\debug\nexusassignment.obj
h:\year 2 semester 1\in6 c++\assignment 2 - aidan smith\nexusassignment\nexusassignment\debug\drawer.obj
h:\year 2 semester 1\in6 c++\assignment 2 - aidan smith\nexusassignment\nexusassignment\debug\board.obj
h:\year 2 semester 1\in6 c++\assignment 2 - aidan smith\nexusassignment\nexusassignment\debug\assemblyinfo.obj
h:\year 2 semester 1\in6 c++\assignment 2 - aidan smith\nexusassignment\nexusassignment\debug\.netframework,version=v4.0.assemblyattributes.obj
h:\year 2 semester 1\in6 c++\assignment 2 - aidan smith\nexusassignment\debug\nexusassignment.exe
h:\year 2 semester 1\in6 c++\assignment 2 - aidan smith\nexusassignment\debug\nexusassignment.pdb
h:\year 2 semester 1\in6 c++\assignment 2 - aidan smith\nexusassignment\nexusassignment\debug\nexusassignment.form1.resources
h:\year 2 semester 1\in6 c++\assignment 2 - aidan smith\nexusassignment\nexusassignment\debug\app.res
h:\year 2 semester 1\in6 c++\assignment 2 - aidan smith\nexusassignment\nexusassignment\debug\nexusassignment.vcxproj.generateresource.cache
h:\year 2 semester 1\in6 c++\assignment 2 - aidan smith\nexusassignment\nexusassignment\debug\nexusassignment.tlog\cl.command.1.tlog
h:\year 2 semester 1\in6 c++\assignment 2 - aidan smith\nexusassignment\nexusassignment\debug\nexusassignment.tlog\cl.read.1.tlog
h:\year 2 semester 1\in6 c++\assignment 2 - aidan smith\nexusassignment\nexusassignment\debug\nexusassignment.tlog\cl.write.1.tlog
h:\year 2 semester 1\in6 c++\assignment 2 - aidan smith\nexusassignment\nexusassignment\debug\nexusassignment.tlog\link.command.1.tlog
h:\year 2 semester 1\in6 c++\assignment 2 - aidan smith\nexusassignment\nexusassignment\debug\nexusassignment.tlog\link.read.1.tlog
h:\year 2 semester 1\in6 c++\assignment 2 - aidan smith\nexusassignment\nexusassignment\debug\nexusassignment.tlog\link.write.1.tlog
h:\year 2 semester 1\in6 c++\assignment 2 - aidan smith\nexusassignment\nexusassignment\debug\nexusassignment.tlog\metagen.read.1.tlog
h:\year 2 semester 1\in6 c++\assignment 2 - aidan smith\nexusassignment\nexusassignment\debug\nexusassignment.tlog\metagen.write.1.tlog
h:\year 2 semester 1\in6 c++\assignment 2 - aidan smith\nexusassignment\nexusassignment\debug\nexusassignment.tlog\nexusassignment.write.1u.tlog
h:\year 2 semester 1\in6 c++\assignment 2 - aidan smith\nexusassignment\nexusassignment\debug\nexusassignment.tlog\rc.command.1.tlog
h:\year 2 semester 1\in6 c++\assignment 2 - aidan smith\nexusassignment\nexusassignment\debug\nexusassignment.tlog\rc.read.1.tlog
h:\year 2 semester 1\in6 c++\assignment 2 - aidan smith\nexusassignment\nexusassignment\debug\nexusassignment.tlog\rc.write.1.tlog
h:\year 2 semester 1\in6 c++\assignment 2 - aidan smith\nexusassignment\nexusassignment\debug\nexusassignment.tlog\rsaenh.dll.bi
h:\year 2 semester 1\in6 c++\assignment 2 - aidan smith\nexusassignment\nexusassignment\debug\nexusassignment.tlog\tzres.dll.bi
