Build started 20/10/2015 1:03:49 p.m..
     1>Project "H:\Year 2 Semester 1\IN6 C++\Assignment 2 - Aidan Smith\NexusAssignment\NexusAssignment\NexusAssignment.vcxproj" on node 2 (Build target(s)).
     1>ClCompile:
         C:\Program Files (x86)\Microsoft Visual Studio 12.0\VC\bin\CL.exe /c /AI"C:\Program Files (x86)\Reference Assemblies\Microsoft\Framework\.NETFramework\v4.0" /AI"C:\Program Files (x86)\Windows Kits\8.1\References\CommonConfiguration\Neutral" /Zi /clr:pure /nologo /W3 /WX- /Od /Oy- /D WIN32 /D _DEBUG /D _UNICODE /D UNICODE /EHa /MDd /GS /fp:precise /Zc:wchar_t /Zc:forScope /Yu"stdafx.h" /Fp"Debug\NexusAssignment.pch" /Fo"Debug\\" /Fd"Debug\vc120.pdb" /TP /FU"C:\Program Files (x86)\Reference Assemblies\Microsoft\Framework\.NETFramework\v4.0\mscorlib.dll" /FU"C:\Program Files (x86)\Reference Assemblies\Microsoft\Framework\.NETFramework\v4.0\System.Data.dll" /FU"C:\Program Files (x86)\Reference Assemblies\Microsoft\Framework\.NETFramework\v4.0\System.dll" /FU"C:\Program Files (x86)\Reference Assemblies\Microsoft\Framework\.NETFramework\v4.0\System.Drawing.dll" /FU"C:\Program Files (x86)\Reference Assemblies\Microsoft\Framework\.NETFramework\v4.0\System.Windows.Forms.dll" /FU"C:\Program Files (x86)\Reference Assemblies\Microsoft\Framework\.NETFramework\v4.0\System.Xml.dll" /analyze- /errorReport:prompt /clr:nostdlib Board.cpp Drawer.cpp
         Board.cpp
         Drawer.cpp
         Generating Code...
       Link:
         C:\Program Files (x86)\Microsoft Visual Studio 12.0\VC\bin\link.exe /ERRORREPORT:PROMPT /OUT:"H:\Year 2 Semester 1\IN6 C++\Assignment 2 - Aidan Smith\NexusAssignment\Debug\NexusAssignment.exe" /INCREMENTAL /NOLOGO /ASSEMBLYRESOURCE:Debug\NexusAssignment.Form1.resources /MANIFEST /MANIFESTUAC:"level='asInvoker' uiAccess='false'" /manifest:embed /DEBUG /PDB:"H:\Year 2 Semester 1\IN6 C++\Assignment 2 - Aidan Smith\NexusAssignment\Debug\NexusAssignment.pdb" /ASSEMBLYDEBUG /SUBSYSTEM:WINDOWS /TLBID:1 /ENTRY:"main" /DYNAMICBASE /FIXED:NO /NXCOMPAT /MACHINE:X86 /SAFESEH Debug\app.res
         Debug\AssemblyInfo.obj
         Debug\Board.obj
         Debug\Drawer.obj
         Debug\NexusAssignment.obj
         Debug\stdafx.obj
         Debug\Texas.obj
         "Debug\.NETFramework,Version=v4.0.AssemblyAttributes.obj"
         NexusAssignment.vcxproj -> H:\Year 2 Semester 1\IN6 C++\Assignment 2 - Aidan Smith\NexusAssignment\Debug\NexusAssignment.exe
     1>Done Building Project "H:\Year 2 Semester 1\IN6 C++\Assignment 2 - Aidan Smith\NexusAssignment\NexusAssignment\NexusAssignment.vcxproj" (Build target(s)).

Build succeeded.

Time Elapsed 00:00:09.11
